{
  "RSpec": {
    "coverage": {
      "/url_shortener/config/environment.rb": {
        "lines": [
          null,
          null,
          null,
          1,
          null,
          null,
          1
        ]
      },
      "/url_shortener/config/application.rb": {
        "lines": [
          null,
          null,
          1,
          null,
          1,
          null,
          1,
          1,
          1,
          1,
          1,
          1,
          1,
          1,
          1,
          1,
          null,
          null,
          null,
          null,
          null,
          1,
          null,
          1,
          1,
          null,
          1,
          null,
          null,
          null,
          null,
          null,
          null,
          null,
          null,
          null,
          1,
          1,
          1,
          1,
          null,
          null
        ]
      },
      "/url_shortener/config/boot.rb": {
        "lines": [
          null,
          null,
          1,
          null,
          1,
          1
        ]
      },
      "/url_shortener/config/environments/test.rb": {
        "lines": [
          null,
          null,
          null,
          null,
          null,
          null,
          null,
          1,
          null,
          null,
          1,
          1,
          null,
          null,
          null,
          null,
          1,
          null,
          null,
          1,
          1,
          null,
          null,
          null,
          null,
          1,
          1,
          1,
          null,
          null,
          1,
          null,
          null,
          1,
          null,
          null,
          1,
          null,
          1,
          null,
          null,
          null,
          null,
          1,
          null,
          null,
          1,
          null,
          null,
          null,
          null
        ]
      },
      "/url_shortener/config/initializers/application_controller_renderer.rb": {
        "lines": [
          null,
          null,
          null,
          null,
          null,
          null,
          null,
          null,
          null
        ]
      },
      "/url_shortener/config/initializers/backtrace_silencers.rb": {
        "lines": [
          null,
          null,
          null,
          null,
          null,
          null,
          null,
          null
        ]
      },
      "/url_shortener/config/initializers/cors.rb": {
        "lines": [
          null,
          null,
          null,
          null,
          null,
          null,
          null,
          null,
          null,
          null,
          null,
          null,
          null,
          null,
          null,
          null,
          null
        ]
      },
      "/url_shortener/config/initializers/filter_parameter_logging.rb": {
        "lines": [
          null,
          null,
          null,
          null,
          null,
          1
        ]
      },
      "/url_shortener/config/initializers/inflections.rb": {
        "lines": [
          null,
          null,
          null,
          null,
          null,
          null,
          null,
          null,
          null,
          null,
          null,
          null,
          null,
          null,
          null,
          null,
          null
        ]
      },
      "/url_shortener/config/initializers/mime_types.rb": {
        "lines": [
          null,
          null,
          null,
          null,
          null
        ]
      },
      "/url_shortener/config/initializers/sidekiq.rb": {
        "lines": [
          null,
          null,
          1,
          0,
          null,
          null,
          1,
          1,
          null
        ]
      },
      "/url_shortener/config/initializers/wrap_parameters.rb": {
        "lines": [
          null,
          null,
          null,
          null,
          null,
          null,
          null,
          null,
          1,
          2,
          null,
          null,
          null,
          null,
          null,
          null
        ]
      },
      "/url_shortener/config/routes.rb": {
        "lines": [
          null,
          null,
          1,
          1,
          null,
          1,
          1,
          1,
          1,
          null,
          null,
          null,
          null,
          null
        ]
      },
      "/url_shortener/app/controllers/api/v1/stats_controller.rb": {
        "lines": [
          null,
          null,
          1,
          1,
          1,
          1,
          3,
          3,
          null,
          null,
          null,
          null
        ]
      },
      "/url_shortener/app/controllers/application_controller.rb": {
        "lines": [
          null,
          null,
          1,
          1,
          null
        ]
      },
      "/url_shortener/app/controllers/concerns/response_by_use_case.rb": {
        "lines": [
          null,
          null,
          1,
          1,
          9,
          null,
          null,
          1,
          4,
          null,
          null,
          1,
          5,
          null,
          null
        ]
      },
      "/url_shortener/app/controllers/api/v1/urls_controller.rb": {
        "lines": [
          null,
          null,
          1,
          1,
          1,
          1,
          null,
          1,
          3,
          3,
          null,
          null,
          1,
          3,
          3,
          null,
          null,
          null,
          null
        ]
      },
      "/url_shortener/app/services/stats/dispatcher.rb": {
        "lines": [
          null,
          null,
          1,
          1,
          1,
          1,
          null,
          1,
          7,
          7,
          null,
          null,
          1,
          7,
          7,
          null,
          4,
          null,
          null,
          1,
          null,
          1,
          7,
          null,
          5,
          null,
          1,
          null,
          1,
          null,
          null,
          null,
          null
        ]
      },
      "/url_shortener/app/services/base_service.rb": {
        "lines": [
          null,
          null,
          1,
          1,
          1,
          155,
          null,
          null,
          null,
          1,
          7,
          null,
          null,
          1,
          null,
          1,
          155,
          155,
          null,
          null,
          1,
          155,
          155,
          null,
          null,
          1,
          32,
          null,
          null,
          1,
          32,
          null,
          null,
          1,
          4,
          null,
          null,
          1,
          null,
          1,
          null,
          1,
          15,
          15,
          null,
          null
        ]
      },
      "/url_shortener/app/services/stats/store/db_store.rb": {
        "lines": [
          null,
          null,
          1,
          1,
          1,
          1,
          null,
          1,
          2,
          2,
          null,
          null,
          1,
          2,
          null,
          null,
          1,
          14,
          null,
          null,
          1,
          2,
          null,
          null,
          null,
          null
        ]
      },
      "/url_shortener/app/services/stats/store/base_store.rb": {
        "lines": [
          null,
          null,
          1,
          1,
          1,
          1,
          1,
          null,
          1,
          10,
          10,
          null,
          null,
          1,
          10,
          null,
          8,
          null,
          null,
          1,
          null,
          1,
          4,
          null,
          null,
          null,
          null
        ]
      },
      "/url_shortener/app/services/stats/store/redis_store.rb": {
        "lines": [
          null,
          null,
          1,
          1,
          1,
          1,
          null,
          1,
          2,
          2,
          null,
          null,
          1,
          2,
          null,
          null,
          1,
          4,
          null,
          null,
          1,
          2,
          null,
          null,
          1,
          4,
          null,
          null,
          null,
          null
        ]
      },
      "/url_shortener/app/services/urls/creator.rb": {
        "lines": [
          null,
          null,
          1,
          1,
          1,
          1,
          null,
          1,
          7,
          null,
          null,
          1,
          7,
          7,
          null,
          7,
          null,
          7,
          7,
          null,
          6,
          null,
          6,
          6,
          null,
          5,
          null,
          null,
          1,
          null,
          1,
          6,
          null,
          4,
          null,
          1,
          null,
          1,
          null,
          null,
          null,
          null
        ]
      },
      "/url_shortener/app/services/urls/encryptor.rb": {
        "lines": [
          null,
          null,
          1,
          1,
          1,
          1,
          null,
          1,
          109,
          null,
          null,
          1,
          109,
          null,
          107,
          null,
          null,
          null
        ]
      },
      "/url_shortener/app/services/urls/store/db_store.rb": {
        "lines": [
          null,
          null,
          1,
          1,
          1,
          1,
          1,
          null,
          1,
          8,
          8,
          null,
          null,
          1,
          8,
          7,
          null,
          1,
          null,
          null,
          null,
          null
        ]
      },
      "/url_shortener/app/services/urls/store/redis_store.rb": {
        "lines": [
          null,
          null,
          1,
          1,
          1,
          1,
          1,
          null,
          1,
          7,
          7,
          null,
          null,
          1,
          7,
          5,
          null,
          4,
          4,
          null,
          null,
          null,
          null
        ]
      },
      "/url_shortener/app/services/redis_service.rb": {
        "lines": [
          null,
          null,
          1,
          null,
          1,
          1,
          1,
          2,
          null,
          null,
          1,
          4,
          null,
          null,
          1,
          0,
          null,
          null,
          1,
          7,
          null,
          null,
          1,
          16,
          null,
          null,
          1,
          37,
          null,
          null,
          1,
          66,
          null,
          null,
          null
        ]
      },
      "/url_shortener/app/models/short_url.rb": {
        "lines": [
          null,
          null,
          1,
          1,
          1,
          null
        ]
      },
      "/url_shortener/app/models/application_record.rb": {
        "lines": [
          null,
          null,
          1,
          1,
          null
        ]
      },
      "/url_shortener/app/services/urls/sanitizer.rb": {
        "lines": [
          null,
          null,
          1,
          1,
          1,
          null,
          1,
          null,
          1,
          7,
          null,
          null,
          1,
          7,
          7,
          null,
          null,
          null
        ]
      }
    },
    "timestamp": 1601816460
  }
}
